16:43:32.655 INFO  manager.ApplicationManager - All tests runs in Chrome Browser
16:43:33.236 INFO  manager.WDListener - URLhttps://telranedu.web.app
16:43:33.837 INFO  manager.ApplicationManager - The link --> https://telranedu.web.app/home
16:43:33.853 INFO  tests.TestNGListener - start testing on date --->Tue May 27 16:43:33 IDT 2025
16:43:33.874 INFO  manager.WDListener - Before find element --> By.xpath: //button[text()='Sign Out']
16:43:38.971 INFO  manager.WDListener - After find element --> By.xpath: //a[text()='LOGIN']
16:43:39.001 INFO  manager.WDListener - Location of element (1810, 34)
16:43:39.037 INFO  manager.WDListener - Before click element atextLOGIN
16:43:39.164 INFO  manager.WDListener - After click element 
16:43:39.195 INFO  manager.WDListener - After find element --> By.name: email
16:43:39.210 INFO  manager.WDListener - Location of element (760, 250)
16:43:39.249 INFO  manager.WDListener - Before click element inputtext
16:43:39.357 INFO  manager.WDListener - After click element 
16:43:39.514 INFO  manager.WDListener - sendKeys ---> inputtext
16:43:39.587 INFO  manager.WDListener - sendKeys ---> inputtext
16:43:39.686 INFO  manager.WDListener - sendKeys ---> inputtext
16:43:39.712 INFO  manager.WDListener - After find element --> By.name: password
16:43:39.728 INFO  manager.WDListener - Location of element (760, 320)
16:43:39.760 INFO  manager.WDListener - Before click element inputtext
16:43:39.862 INFO  manager.WDListener - After click element 
16:43:39.985 INFO  manager.WDListener - sendKeys ---> inputtext
16:43:40.051 INFO  manager.WDListener - sendKeys ---> inputtext
16:43:40.139 INFO  manager.WDListener - sendKeys ---> inputtext
16:43:40.173 INFO  manager.WDListener - After find element --> By.xpath: //button[text()='Login']
16:43:40.192 INFO  manager.WDListener - Location of element (760, 390)
16:43:40.215 INFO  manager.WDListener - Before click element buttontextLogin
16:43:40.316 INFO  manager.WDListener - After click element 
16:43:40.331 INFO  tests.TestBase - Name of method ---> AddNewContactWrongAddress
16:43:40.332 INFO  tests.TestNGListener - start test --->AddNewContactWrongAddress
16:43:40.333 INFO  tests.TestBase - Start
16:43:41.290 INFO  manager.WDListener - After find element --> By.xpath: //*[text() = 'ADD']
16:43:41.309 INFO  manager.WDListener - Location of element (1499, 34)
16:43:41.334 INFO  manager.WDListener - Before click element atextADD
16:43:41.441 INFO  manager.WDListener - After click element 
16:43:41.476 INFO  manager.WDListener - After find element --> By.cssSelector: [placeholder='Name']
16:43:41.494 INFO  manager.WDListener - Location of element (300, 165)
16:43:41.518 INFO  manager.WDListener - Before click element inputtext
16:43:41.627 INFO  manager.WDListener - After click element 
16:43:41.740 INFO  manager.WDListener - sendKeys ---> inputtext
16:43:41.805 INFO  manager.WDListener - sendKeys ---> inputtext
16:43:41.875 INFO  manager.WDListener - sendKeys ---> inputtext
16:43:41.904 INFO  manager.WDListener - After find element --> By.cssSelector: [placeholder='Last Name']
16:43:41.921 INFO  manager.WDListener - Location of element (300, 239)
16:43:41.942 INFO  manager.WDListener - Before click element inputtext
16:43:42.034 INFO  manager.WDListener - After click element 
16:43:42.142 INFO  manager.WDListener - sendKeys ---> inputtext
16:43:42.203 INFO  manager.WDListener - sendKeys ---> inputtext
16:43:42.270 INFO  manager.WDListener - sendKeys ---> inputtext
16:43:42.306 INFO  manager.WDListener - After find element --> By.cssSelector: [placeholder='Phone']
16:43:42.322 INFO  manager.WDListener - Location of element (300, 313)
16:43:42.344 INFO  manager.WDListener - Before click element inputtext
16:43:42.456 INFO  manager.WDListener - After click element 
16:43:42.572 INFO  manager.WDListener - sendKeys ---> inputtext
16:43:42.642 INFO  manager.WDListener - sendKeys ---> inputtext
16:43:42.727 INFO  manager.WDListener - sendKeys ---> inputtext
16:43:42.764 INFO  manager.WDListener - After find element --> By.cssSelector: [placeholder='email']
16:43:42.780 INFO  manager.WDListener - Location of element (300, 387)
16:43:42.804 INFO  manager.WDListener - Before click element inputtext
16:43:42.903 INFO  manager.WDListener - After click element 
16:43:43.013 INFO  manager.WDListener - sendKeys ---> inputtext
16:43:43.077 INFO  manager.WDListener - sendKeys ---> inputtext
16:43:43.166 INFO  manager.WDListener - sendKeys ---> inputtext
16:43:43.195 INFO  manager.WDListener - After find element --> By.cssSelector: [placeholder='Address']
16:43:43.210 INFO  manager.WDListener - Location of element (300, 461)
16:43:43.242 INFO  manager.WDListener - Before click element inputtext
16:43:43.362 INFO  manager.WDListener - After click element 
16:43:43.486 INFO  manager.WDListener - sendKeys ---> inputtext
16:43:43.546 INFO  manager.WDListener - sendKeys ---> inputtext
16:43:43.611 INFO  manager.WDListener - sendKeys ---> inputtext
16:43:43.643 INFO  manager.WDListener - After find element --> By.cssSelector: [placeholder='description']
16:43:43.675 INFO  manager.WDListener - Location of element (300, 535)
16:43:43.690 INFO  manager.WDListener - Before click element inputtext
16:43:43.799 INFO  manager.WDListener - After click element 
16:43:43.912 INFO  manager.WDListener - sendKeys ---> inputtext
16:43:43.978 INFO  manager.WDListener - sendKeys ---> inputtext
16:43:44.063 INFO  manager.WDListener - sendKeys ---> inputtext
16:43:44.526 INFO  manager.WDListener - After find element --> By.xpath: //*[text()='Save']
16:43:44.541 INFO  manager.WDListener - Location of element (951, 622)
16:43:44.574 INFO  manager.WDListener - Before click element btextSave
16:43:44.682 INFO  manager.WDListener - After click element 
16:43:44.682 INFO  manager.WDListener - Before find element --> By.cssSelector: a.active[href='/add']
16:43:44.721 INFO  tests.TestBase - End
16:43:44.725 INFO  tests.TestNGListener - start test --->AddNewContactWrongAddress
16:43:44.726 INFO  tests.TestBase - =====================================================================================
16:43:44.728 INFO  tests.TestBase - Name of method ---> AddNewContactWrongEmail
16:43:44.729 INFO  tests.TestNGListener - start test --->AddNewContactWrongEmail
16:43:44.729 INFO  tests.TestBase - Start
16:43:44.745 INFO  manager.WDListener - After find element --> By.xpath: //*[text() = 'ADD']
16:43:44.760 INFO  manager.WDListener - Location of element (1509, 33)
16:43:44.792 INFO  manager.WDListener - Before click element atextADD
16:43:44.927 INFO  manager.WDListener - After click element 
16:43:44.950 INFO  manager.WDListener - After find element --> By.cssSelector: [placeholder='Name']
16:43:44.961 INFO  manager.WDListener - Location of element (300, 165)
16:43:44.993 INFO  manager.WDListener - Before click element inputtext
16:43:45.111 INFO  manager.WDListener - After click element 
16:43:45.288 INFO  manager.WDListener - sendKeys ---> inputtext
16:43:45.357 INFO  manager.WDListener - sendKeys ---> inputtext
16:43:45.431 INFO  manager.WDListener - sendKeys ---> inputtext
16:43:45.451 INFO  manager.WDListener - After find element --> By.cssSelector: [placeholder='Last Name']
16:43:45.468 INFO  manager.WDListener - Location of element (300, 239)
16:43:45.492 INFO  manager.WDListener - Before click element inputtext
16:43:45.589 INFO  manager.WDListener - After click element 
16:43:45.736 INFO  manager.WDListener - sendKeys ---> inputtext
16:43:45.804 INFO  manager.WDListener - sendKeys ---> inputtext
16:43:45.871 INFO  manager.WDListener - sendKeys ---> inputtext
16:43:45.891 INFO  manager.WDListener - After find element --> By.cssSelector: [placeholder='Phone']
16:43:45.910 INFO  manager.WDListener - Location of element (300, 313)
16:43:45.934 INFO  manager.WDListener - Before click element inputtext
16:43:46.031 INFO  manager.WDListener - After click element 
16:43:46.176 INFO  manager.WDListener - sendKeys ---> inputtext
16:43:46.239 INFO  manager.WDListener - sendKeys ---> inputtext
16:43:46.319 INFO  manager.WDListener - sendKeys ---> inputtext
16:43:46.338 INFO  manager.WDListener - After find element --> By.cssSelector: [placeholder='email']
16:43:46.354 INFO  manager.WDListener - Location of element (300, 387)
16:43:46.375 INFO  manager.WDListener - Before click element inputtext
16:43:46.461 INFO  manager.WDListener - After click element 
16:43:46.597 INFO  manager.WDListener - sendKeys ---> inputtext
16:43:46.656 INFO  manager.WDListener - sendKeys ---> inputtext
16:43:46.739 INFO  manager.WDListener - sendKeys ---> inputtext
16:43:46.757 INFO  manager.WDListener - After find element --> By.cssSelector: [placeholder='Address']
16:43:46.772 INFO  manager.WDListener - Location of element (300, 461)
16:43:46.792 INFO  manager.WDListener - Before click element inputtext
16:43:46.874 INFO  manager.WDListener - After click element 
16:43:46.975 INFO  manager.WDListener - sendKeys ---> inputtext
16:43:47.035 INFO  manager.WDListener - sendKeys ---> inputtext
16:43:47.139 INFO  manager.WDListener - sendKeys ---> inputtext
16:43:47.159 INFO  manager.WDListener - After find element --> By.cssSelector: [placeholder='description']
16:43:47.174 INFO  manager.WDListener - Location of element (300, 535)
16:43:47.195 INFO  manager.WDListener - Before click element inputtext
16:43:47.283 INFO  manager.WDListener - After click element 
16:43:47.422 INFO  manager.WDListener - sendKeys ---> inputtext
16:43:47.486 INFO  manager.WDListener - sendKeys ---> inputtext
16:43:47.567 INFO  manager.WDListener - sendKeys ---> inputtext
16:43:47.965 INFO  manager.WDListener - After find element --> By.xpath: //*[text()='Save']
16:43:47.981 INFO  manager.WDListener - Location of element (951, 622)
16:43:48.001 INFO  manager.WDListener - Before click element btextSave
16:43:48.092 INFO  manager.WDListener - After click element 
16:43:48.092 INFO  manager.WDListener - Before find element --> By.cssSelector: a.active[href='/add']
16:43:48.138 INFO  manager.WDListener - Huston, we have a problem!
16:43:48.138 INFO  manager.WDListener - *************************************
16:43:48.138 INFO  manager.WDListener - Object tagetorg.openqa.selenium.remote.RemoteWebDriver$RemoteTargetLocator@3382cf68
16:43:48.138 INFO  manager.WDListener - *************************************
16:43:48.138 INFO  manager.WDListener - Method name --->alert
16:43:48.138 INFO  manager.WDListener - *************************************
16:43:48.140 INFO  manager.WDListener - InvocationTargetExeptionorg.openqa.selenium.NoAlertPresentException: no such alert
  (Session info: chrome=137.0.7151.41)
Build info: version: '4.16.1', revision: '9b4c83354e'
System info: os.name: 'Windows 11', os.arch: 'amd64', os.version: '10.0', java.version: '17.0.10'
Driver info: org.openqa.selenium.chrome.ChromeDriver
Command: [bda2ce2d67b19360db5b25ee2e03912f, getAlertText {}]
Capabilities {acceptInsecureCerts: false, browserName: chrome, browserVersion: 137.0.7151.41, chrome: {chromedriverVersion: 136.0.7103.113 (76fa3c17824..., userDataDir: C:\Users\user\AppData\Local...}, fedcm:accounts: true, goog:chromeOptions: {debuggerAddress: localhost:56572}, networkConnectionEnabled: false, pageLoadStrategy: normal, platformName: windows, proxy: Proxy(), se:cdp: ws://localhost:56572/devtoo..., se:cdpVersion: 137.0.7151.41, setWindowRect: true, strictFileInteractability: false, timeouts: {implicit: 0, pageLoad: 300000, script: 30000}, unhandledPromptBehavior: dismiss and notify, webauthn:extension:credBlob: true, webauthn:extension:largeBlob: true, webauthn:extension:minPinLength: true, webauthn:extension:prf: true, webauthn:virtualAuthenticators: true}
Session ID: bda2ce2d67b19360db5b25ee2e03912f
16:43:48.140 INFO  manager.WDListener - *************************************
16:43:48.671 INFO  tests.TestBase - End
16:43:48.672 INFO  tests.TestNGListener - start test --->AddNewContactWrongEmail
16:43:48.672 INFO  tests.TestBase - =====================================================================================
16:43:48.673 INFO  tests.TestBase - Name of method ---> AddNewContactWrongLastname
16:43:48.673 INFO  tests.TestNGListener - start test --->AddNewContactWrongLastname
16:43:48.674 INFO  tests.TestBase - Start
16:43:48.697 INFO  manager.WDListener - After find element --> By.xpath: //*[text() = 'ADD']
16:43:48.719 INFO  manager.WDListener - Location of element (1509, 33)
16:43:48.746 INFO  manager.WDListener - Before click element atextADD
16:43:48.852 INFO  manager.WDListener - After click element 
16:43:48.875 INFO  manager.WDListener - After find element --> By.cssSelector: [placeholder='Name']
16:43:48.894 INFO  manager.WDListener - Location of element (300, 165)
16:43:48.919 INFO  manager.WDListener - Before click element inputtext
16:43:49.023 INFO  manager.WDListener - After click element 
16:43:49.176 INFO  manager.WDListener - sendKeys ---> inputtext
16:43:49.242 INFO  manager.WDListener - sendKeys ---> inputtext
16:43:49.310 INFO  manager.WDListener - sendKeys ---> inputtext
16:43:49.330 INFO  manager.WDListener - After find element --> By.cssSelector: [placeholder='Last Name']
16:43:49.347 INFO  manager.WDListener - Location of element (300, 239)
16:43:49.368 INFO  manager.WDListener - Before click element inputtext
16:43:49.460 INFO  manager.WDListener - After click element 
16:43:49.603 INFO  manager.WDListener - sendKeys ---> inputtext
16:43:49.668 INFO  manager.WDListener - sendKeys ---> inputtext
16:43:49.726 INFO  manager.WDListener - sendKeys ---> inputtext
16:43:49.745 INFO  manager.WDListener - After find element --> By.cssSelector: [placeholder='Phone']
16:43:49.762 INFO  manager.WDListener - Location of element (300, 313)
16:43:49.783 INFO  manager.WDListener - Before click element inputtext
16:43:49.871 INFO  manager.WDListener - After click element 
16:43:50.005 INFO  manager.WDListener - sendKeys ---> inputtext
16:43:50.064 INFO  manager.WDListener - sendKeys ---> inputtext
16:43:50.144 INFO  manager.WDListener - sendKeys ---> inputtext
16:43:50.163 INFO  manager.WDListener - After find element --> By.cssSelector: [placeholder='email']
16:43:50.179 INFO  manager.WDListener - Location of element (300, 387)
16:43:50.199 INFO  manager.WDListener - Before click element inputtext
16:43:50.282 INFO  manager.WDListener - After click element 
16:43:50.413 INFO  manager.WDListener - sendKeys ---> inputtext
16:43:50.472 INFO  manager.WDListener - sendKeys ---> inputtext
16:43:50.552 INFO  manager.WDListener - sendKeys ---> inputtext
16:43:50.570 INFO  manager.WDListener - After find element --> By.cssSelector: [placeholder='Address']
16:43:50.586 INFO  manager.WDListener - Location of element (300, 461)
16:43:50.611 INFO  manager.WDListener - Before click element inputtext
16:43:50.715 INFO  manager.WDListener - After click element 
16:43:50.884 INFO  manager.WDListener - sendKeys ---> inputtext
16:43:50.956 INFO  manager.WDListener - sendKeys ---> inputtext
16:43:51.086 INFO  manager.WDListener - sendKeys ---> inputtext
16:43:51.106 INFO  manager.WDListener - After find element --> By.cssSelector: [placeholder='description']
16:43:51.123 INFO  manager.WDListener - Location of element (300, 535)
16:43:51.147 INFO  manager.WDListener - Before click element inputtext
16:43:51.242 INFO  manager.WDListener - After click element 
16:43:51.387 INFO  manager.WDListener - sendKeys ---> inputtext
16:43:51.446 INFO  manager.WDListener - sendKeys ---> inputtext
16:43:51.526 INFO  manager.WDListener - sendKeys ---> inputtext
16:43:51.894 INFO  manager.WDListener - After find element --> By.xpath: //*[text()='Save']
16:43:51.909 INFO  manager.WDListener - Location of element (951, 622)
16:43:51.930 INFO  manager.WDListener - Before click element btextSave
16:43:52.005 INFO  manager.WDListener - After click element 
16:43:52.005 INFO  manager.WDListener - Before find element --> By.cssSelector: a.active[href='/add']
16:43:52.024 INFO  tests.TestBase - End
16:43:52.024 INFO  tests.TestNGListener - start test --->AddNewContactWrongLastname
16:43:52.024 INFO  tests.TestBase - =====================================================================================
16:43:52.025 INFO  tests.TestBase - Name of method ---> AddNewContactWrongName
16:43:52.026 INFO  tests.TestNGListener - start test --->AddNewContactWrongName
16:43:52.026 INFO  tests.TestBase - Start
16:43:52.043 INFO  manager.WDListener - After find element --> By.xpath: //*[text() = 'ADD']
16:43:52.058 INFO  manager.WDListener - Location of element (1509, 33)
16:43:52.079 INFO  manager.WDListener - Before click element atextADD
16:43:52.156 INFO  manager.WDListener - After click element 
16:43:52.176 INFO  manager.WDListener - After find element --> By.cssSelector: [placeholder='Name']
16:43:52.192 INFO  manager.WDListener - Location of element (300, 165)
16:43:52.214 INFO  manager.WDListener - Before click element inputtext
16:43:52.299 INFO  manager.WDListener - After click element 
16:43:52.429 INFO  manager.WDListener - sendKeys ---> inputtext
16:43:52.489 INFO  manager.WDListener - sendKeys ---> inputtext
16:43:52.545 INFO  manager.WDListener - sendKeys ---> inputtext
16:43:52.562 INFO  manager.WDListener - After find element --> By.cssSelector: [placeholder='Last Name']
16:43:52.577 INFO  manager.WDListener - Location of element (300, 239)
16:43:52.597 INFO  manager.WDListener - Before click element inputtext
16:43:52.695 INFO  manager.WDListener - After click element 
16:43:52.839 INFO  manager.WDListener - sendKeys ---> inputtext
16:43:52.917 INFO  manager.WDListener - sendKeys ---> inputtext
16:43:53.000 INFO  manager.WDListener - sendKeys ---> inputtext
16:43:53.019 INFO  manager.WDListener - After find element --> By.cssSelector: [placeholder='Phone']
16:43:53.042 INFO  manager.WDListener - Location of element (300, 313)
16:43:53.069 INFO  manager.WDListener - Before click element inputtext
16:43:53.191 INFO  manager.WDListener - After click element 
16:43:53.365 INFO  manager.WDListener - sendKeys ---> inputtext
16:43:53.436 INFO  manager.WDListener - sendKeys ---> inputtext
16:43:53.530 INFO  manager.WDListener - sendKeys ---> inputtext
16:43:53.546 INFO  manager.WDListener - After find element --> By.cssSelector: [placeholder='email']
16:43:53.561 INFO  manager.WDListener - Location of element (300, 387)
16:43:53.592 INFO  manager.WDListener - Before click element inputtext
16:43:53.703 INFO  manager.WDListener - After click element 
16:43:53.867 INFO  manager.WDListener - sendKeys ---> inputtext
16:43:53.934 INFO  manager.WDListener - sendKeys ---> inputtext
16:43:54.019 INFO  manager.WDListener - sendKeys ---> inputtext
16:43:54.038 INFO  manager.WDListener - After find element --> By.cssSelector: [placeholder='Address']
16:43:54.046 INFO  manager.WDListener - Location of element (300, 461)
16:43:54.061 INFO  manager.WDListener - Before click element inputtext
16:43:54.169 INFO  manager.WDListener - After click element 
16:43:54.317 INFO  manager.WDListener - sendKeys ---> inputtext
16:43:54.380 INFO  manager.WDListener - sendKeys ---> inputtext
16:43:54.479 INFO  manager.WDListener - sendKeys ---> inputtext
16:43:54.495 INFO  manager.WDListener - After find element --> By.cssSelector: [placeholder='description']
16:43:54.513 INFO  manager.WDListener - Location of element (300, 535)
16:43:54.546 INFO  manager.WDListener - Before click element inputtext
16:43:54.635 INFO  manager.WDListener - After click element 
16:43:54.770 INFO  manager.WDListener - sendKeys ---> inputtext
16:43:54.828 INFO  manager.WDListener - sendKeys ---> inputtext
16:43:54.903 INFO  manager.WDListener - sendKeys ---> inputtext
16:43:55.241 INFO  manager.WDListener - After find element --> By.xpath: //*[text()='Save']
16:43:55.260 INFO  manager.WDListener - Location of element (951, 622)
16:43:55.284 INFO  manager.WDListener - Before click element btextSave
16:43:55.383 INFO  manager.WDListener - After click element 
16:43:55.384 INFO  manager.WDListener - Before find element --> By.cssSelector: a.active[href='/add']
16:43:55.404 INFO  tests.TestBase - End
16:43:55.404 INFO  tests.TestNGListener - start test --->AddNewContactWrongName
16:43:55.405 INFO  tests.TestBase - =====================================================================================
16:43:55.405 INFO  tests.TestBase - Name of method ---> AddNewContactWrongPhone
16:43:55.406 INFO  tests.TestNGListener - start test --->AddNewContactWrongPhone
16:43:55.406 INFO  tests.TestBase - Start
16:43:55.425 INFO  manager.WDListener - After find element --> By.xpath: //*[text() = 'ADD']
16:43:55.444 INFO  manager.WDListener - Location of element (1509, 33)
16:43:55.466 INFO  manager.WDListener - Before click element atextADD
16:43:55.565 INFO  manager.WDListener - After click element 
16:43:55.585 INFO  manager.WDListener - After find element --> By.cssSelector: [placeholder='Name']
16:43:55.604 INFO  manager.WDListener - Location of element (300, 165)
16:43:55.628 INFO  manager.WDListener - Before click element inputtext
16:43:55.729 INFO  manager.WDListener - After click element 
16:43:55.851 INFO  manager.WDListener - sendKeys ---> inputtext
16:43:55.918 INFO  manager.WDListener - sendKeys ---> inputtext
16:43:55.988 INFO  manager.WDListener - sendKeys ---> inputtext
16:43:56.006 INFO  manager.WDListener - After find element --> By.cssSelector: [placeholder='Last Name']
16:43:56.025 INFO  manager.WDListener - Location of element (300, 239)
16:43:56.048 INFO  manager.WDListener - Before click element inputtext
16:43:56.146 INFO  manager.WDListener - After click element 
16:43:56.295 INFO  manager.WDListener - sendKeys ---> inputtext
16:43:56.361 INFO  manager.WDListener - sendKeys ---> inputtext
16:43:56.430 INFO  manager.WDListener - sendKeys ---> inputtext
16:43:56.448 INFO  manager.WDListener - After find element --> By.cssSelector: [placeholder='Phone']
16:43:56.464 INFO  manager.WDListener - Location of element (300, 313)
16:43:56.486 INFO  manager.WDListener - Before click element inputtext
16:43:56.580 INFO  manager.WDListener - After click element 
16:43:56.721 INFO  manager.WDListener - sendKeys ---> inputtext
16:43:56.785 INFO  manager.WDListener - sendKeys ---> inputtext
16:43:56.845 INFO  manager.WDListener - sendKeys ---> inputtext
16:43:56.862 INFO  manager.WDListener - After find element --> By.cssSelector: [placeholder='email']
16:43:56.879 INFO  manager.WDListener - Location of element (300, 387)
16:43:56.903 INFO  manager.WDListener - Before click element inputtext
16:43:56.996 INFO  manager.WDListener - After click element 
16:43:57.166 INFO  manager.WDListener - sendKeys ---> inputtext
16:43:57.243 INFO  manager.WDListener - sendKeys ---> inputtext
16:43:57.339 INFO  manager.WDListener - sendKeys ---> inputtext
16:43:57.358 INFO  manager.WDListener - After find element --> By.cssSelector: [placeholder='Address']
16:43:57.377 INFO  manager.WDListener - Location of element (300, 461)
16:43:57.401 INFO  manager.WDListener - Before click element inputtext
16:43:57.512 INFO  manager.WDListener - After click element 
16:43:57.670 INFO  manager.WDListener - sendKeys ---> inputtext
16:43:57.740 INFO  manager.WDListener - sendKeys ---> inputtext
16:43:57.857 INFO  manager.WDListener - sendKeys ---> inputtext
16:43:57.876 INFO  manager.WDListener - After find element --> By.cssSelector: [placeholder='description']
16:43:57.894 INFO  manager.WDListener - Location of element (300, 535)
16:43:57.917 INFO  manager.WDListener - Before click element inputtext
16:43:58.016 INFO  manager.WDListener - After click element 
16:43:58.168 INFO  manager.WDListener - sendKeys ---> inputtext
16:43:58.233 INFO  manager.WDListener - sendKeys ---> inputtext
16:43:58.317 INFO  manager.WDListener - sendKeys ---> inputtext
16:43:58.671 INFO  manager.WDListener - After find element --> By.xpath: //*[text()='Save']
16:43:58.688 INFO  manager.WDListener - Location of element (951, 622)
16:43:58.712 INFO  manager.WDListener - Before click element btextSave
16:43:58.798 INFO  manager.WDListener - After click element 
16:43:58.798 INFO  manager.WDListener - Before find element --> By.cssSelector: a.active[href='/add']
16:43:58.824 INFO  manager.WDListener - Huston, we have a problem!
16:43:58.824 INFO  manager.WDListener - *************************************
16:43:58.824 INFO  manager.WDListener - Object tagetorg.openqa.selenium.remote.RemoteWebDriver$RemoteTargetLocator@52831a73
16:43:58.824 INFO  manager.WDListener - *************************************
16:43:58.824 INFO  manager.WDListener - Method name --->alert
16:43:58.824 INFO  manager.WDListener - *************************************
16:43:58.824 INFO  manager.WDListener - InvocationTargetExeptionorg.openqa.selenium.NoAlertPresentException: no such alert
  (Session info: chrome=137.0.7151.41)
Build info: version: '4.16.1', revision: '9b4c83354e'
System info: os.name: 'Windows 11', os.arch: 'amd64', os.version: '10.0', java.version: '17.0.10'
Driver info: org.openqa.selenium.chrome.ChromeDriver
Command: [bda2ce2d67b19360db5b25ee2e03912f, getAlertText {}]
Capabilities {acceptInsecureCerts: false, browserName: chrome, browserVersion: 137.0.7151.41, chrome: {chromedriverVersion: 136.0.7103.113 (76fa3c17824..., userDataDir: C:\Users\user\AppData\Local...}, fedcm:accounts: true, goog:chromeOptions: {debuggerAddress: localhost:56572}, networkConnectionEnabled: false, pageLoadStrategy: normal, platformName: windows, proxy: Proxy(), se:cdp: ws://localhost:56572/devtoo..., se:cdpVersion: 137.0.7151.41, setWindowRect: true, strictFileInteractability: false, timeouts: {implicit: 0, pageLoad: 300000, script: 30000}, unhandledPromptBehavior: dismiss and notify, webauthn:extension:credBlob: true, webauthn:extension:largeBlob: true, webauthn:extension:minPinLength: true, webauthn:extension:prf: true, webauthn:virtualAuthenticators: true}
Session ID: bda2ce2d67b19360db5b25ee2e03912f
16:43:58.824 INFO  manager.WDListener - *************************************
16:43:59.344 INFO  tests.TestBase - End
16:43:59.344 INFO  tests.TestNGListener - start test --->AddNewContactWrongPhone
16:43:59.344 INFO  tests.TestBase - =====================================================================================
16:43:59.345 INFO  tests.TestBase - Name of method ---> AddNewContactWrongPhone2
16:43:59.345 INFO  tests.TestNGListener - start test --->AddNewContactWrongPhone2
16:43:59.346 INFO  tests.TestBase - Start
16:43:59.365 INFO  manager.WDListener - After find element --> By.xpath: //*[text() = 'ADD']
16:43:59.383 INFO  manager.WDListener - Location of element (1509, 33)
16:43:59.405 INFO  manager.WDListener - Before click element atextADD
16:43:59.499 INFO  manager.WDListener - After click element 
16:43:59.519 INFO  manager.WDListener - After find element --> By.cssSelector: [placeholder='Name']
16:43:59.537 INFO  manager.WDListener - Location of element (300, 165)
16:43:59.559 INFO  manager.WDListener - Before click element inputtext
16:43:59.654 INFO  manager.WDListener - After click element 
16:43:59.801 INFO  manager.WDListener - sendKeys ---> inputtext
16:43:59.865 INFO  manager.WDListener - sendKeys ---> inputtext
16:43:59.932 INFO  manager.WDListener - sendKeys ---> inputtext
16:43:59.949 INFO  manager.WDListener - After find element --> By.cssSelector: [placeholder='Last Name']
16:43:59.965 INFO  manager.WDListener - Location of element (300, 239)
16:43:59.986 INFO  manager.WDListener - Before click element inputtext
16:44:00.077 INFO  manager.WDListener - After click element 
16:44:00.208 INFO  manager.WDListener - sendKeys ---> inputtext
16:44:00.267 INFO  manager.WDListener - sendKeys ---> inputtext
16:44:00.328 INFO  manager.WDListener - sendKeys ---> inputtext
16:44:00.345 INFO  manager.WDListener - After find element --> By.cssSelector: [placeholder='Phone']
16:44:00.359 INFO  manager.WDListener - Location of element (300, 313)
16:44:00.378 INFO  manager.WDListener - Before click element inputtext
16:44:00.458 INFO  manager.WDListener - After click element 
16:44:00.557 INFO  manager.WDListener - sendKeys ---> inputtext
16:44:00.613 INFO  manager.WDListener - sendKeys ---> inputtext
16:44:00.675 INFO  manager.WDListener - sendKeys ---> inputtext
16:44:00.691 INFO  manager.WDListener - After find element --> By.cssSelector: [placeholder='email']
16:44:00.706 INFO  manager.WDListener - Location of element (300, 387)
16:44:00.725 INFO  manager.WDListener - Before click element inputtext
16:44:00.809 INFO  manager.WDListener - After click element 
16:44:00.937 INFO  manager.WDListener - sendKeys ---> inputtext
16:44:01.000 INFO  manager.WDListener - sendKeys ---> inputtext
16:44:01.078 INFO  manager.WDListener - sendKeys ---> inputtext
16:44:01.094 INFO  manager.WDListener - After find element --> By.cssSelector: [placeholder='Address']
16:44:01.109 INFO  manager.WDListener - Location of element (300, 461)
16:44:01.128 INFO  manager.WDListener - Before click element inputtext
16:44:01.209 INFO  manager.WDListener - After click element 
16:44:01.341 INFO  manager.WDListener - sendKeys ---> inputtext
16:44:01.400 INFO  manager.WDListener - sendKeys ---> inputtext
16:44:01.503 INFO  manager.WDListener - sendKeys ---> inputtext
16:44:01.520 INFO  manager.WDListener - After find element --> By.cssSelector: [placeholder='description']
16:44:01.535 INFO  manager.WDListener - Location of element (300, 535)
16:44:01.556 INFO  manager.WDListener - Before click element inputtext
16:44:01.633 INFO  manager.WDListener - After click element 
16:44:01.761 INFO  manager.WDListener - sendKeys ---> inputtext
16:44:01.818 INFO  manager.WDListener - sendKeys ---> inputtext
16:44:01.892 INFO  manager.WDListener - sendKeys ---> inputtext
16:44:02.266 INFO  manager.WDListener - After find element --> By.xpath: //*[text()='Save']
16:44:02.289 INFO  manager.WDListener - Location of element (951, 622)
16:44:02.321 INFO  manager.WDListener - Before click element btextSave
16:44:02.439 INFO  manager.WDListener - After click element 
16:44:02.439 INFO  manager.WDListener - Before find element --> By.cssSelector: a.active[href='/add']
16:44:02.469 INFO  manager.WDListener - Huston, we have a problem!
16:44:02.469 INFO  manager.WDListener - *************************************
16:44:02.469 INFO  manager.WDListener - Object tagetorg.openqa.selenium.remote.RemoteWebDriver$RemoteTargetLocator@1f129467
16:44:02.469 INFO  manager.WDListener - *************************************
16:44:02.469 INFO  manager.WDListener - Method name --->alert
16:44:02.469 INFO  manager.WDListener - *************************************
16:44:02.469 INFO  manager.WDListener - InvocationTargetExeptionorg.openqa.selenium.NoAlertPresentException: no such alert
  (Session info: chrome=137.0.7151.41)
Build info: version: '4.16.1', revision: '9b4c83354e'
System info: os.name: 'Windows 11', os.arch: 'amd64', os.version: '10.0', java.version: '17.0.10'
Driver info: org.openqa.selenium.chrome.ChromeDriver
Command: [bda2ce2d67b19360db5b25ee2e03912f, getAlertText {}]
Capabilities {acceptInsecureCerts: false, browserName: chrome, browserVersion: 137.0.7151.41, chrome: {chromedriverVersion: 136.0.7103.113 (76fa3c17824..., userDataDir: C:\Users\user\AppData\Local...}, fedcm:accounts: true, goog:chromeOptions: {debuggerAddress: localhost:56572}, networkConnectionEnabled: false, pageLoadStrategy: normal, platformName: windows, proxy: Proxy(), se:cdp: ws://localhost:56572/devtoo..., se:cdpVersion: 137.0.7151.41, setWindowRect: true, strictFileInteractability: false, timeouts: {implicit: 0, pageLoad: 300000, script: 30000}, unhandledPromptBehavior: dismiss and notify, webauthn:extension:credBlob: true, webauthn:extension:largeBlob: true, webauthn:extension:minPinLength: true, webauthn:extension:prf: true, webauthn:virtualAuthenticators: true}
Session ID: bda2ce2d67b19360db5b25ee2e03912f
16:44:02.469 INFO  manager.WDListener - *************************************
16:44:02.990 INFO  tests.TestBase - End
16:44:02.990 INFO  tests.TestNGListener - start test --->AddNewContactWrongPhone2
16:44:02.991 INFO  tests.TestBase - =====================================================================================
16:44:02.991 INFO  tests.TestBase - Name of method ---> addNewContactSuccessAll
16:44:02.992 INFO  tests.TestNGListener - start test --->addNewContactSuccessAll
16:44:02.992 INFO  tests.TestBase - Start
16:44:03.013 INFO  manager.WDListener - After find element --> By.xpath: //*[text() = 'ADD']
16:44:03.031 INFO  manager.WDListener - Location of element (1509, 33)
16:44:03.061 INFO  manager.WDListener - Before click element atextADD
16:44:03.172 INFO  manager.WDListener - After click element 
16:44:03.193 INFO  manager.WDListener - After find element --> By.cssSelector: [placeholder='Name']
16:44:03.212 INFO  manager.WDListener - Location of element (300, 165)
16:44:03.228 INFO  manager.WDListener - Before click element inputtext
16:44:03.341 INFO  manager.WDListener - After click element 
16:44:03.495 INFO  manager.WDListener - sendKeys ---> inputtext
16:44:03.566 INFO  manager.WDListener - sendKeys ---> inputtext
16:44:03.648 INFO  manager.WDListener - sendKeys ---> inputtext
16:44:03.666 INFO  manager.WDListener - After find element --> By.cssSelector: [placeholder='Last Name']
16:44:03.680 INFO  manager.WDListener - Location of element (300, 239)
16:44:03.695 INFO  manager.WDListener - Before click element inputtext
16:44:03.804 INFO  manager.WDListener - After click element 
16:44:03.988 INFO  manager.WDListener - sendKeys ---> inputtext
16:44:04.073 INFO  manager.WDListener - sendKeys ---> inputtext
16:44:04.160 INFO  manager.WDListener - sendKeys ---> inputtext
16:44:04.180 INFO  manager.WDListener - After find element --> By.cssSelector: [placeholder='Phone']
16:44:04.195 INFO  manager.WDListener - Location of element (300, 313)
16:44:04.226 INFO  manager.WDListener - Before click element inputtext
16:44:04.349 INFO  manager.WDListener - After click element 
16:44:04.546 INFO  manager.WDListener - sendKeys ---> inputtext
16:44:04.628 INFO  manager.WDListener - sendKeys ---> inputtext
16:44:04.734 INFO  manager.WDListener - sendKeys ---> inputtext
16:44:04.747 INFO  manager.WDListener - After find element --> By.cssSelector: [placeholder='email']
16:44:04.762 INFO  manager.WDListener - Location of element (300, 387)
16:44:04.793 INFO  manager.WDListener - Before click element inputtext
16:44:04.924 INFO  manager.WDListener - After click element 
16:44:05.103 INFO  manager.WDListener - sendKeys ---> inputtext
16:44:05.179 INFO  manager.WDListener - sendKeys ---> inputtext
16:44:05.290 INFO  manager.WDListener - sendKeys ---> inputtext
16:44:05.310 INFO  manager.WDListener - After find element --> By.cssSelector: [placeholder='Address']
16:44:05.329 INFO  manager.WDListener - Location of element (300, 461)
16:44:05.353 INFO  manager.WDListener - Before click element inputtext
16:44:05.468 INFO  manager.WDListener - After click element 
16:44:05.645 INFO  manager.WDListener - sendKeys ---> inputtext
16:44:05.721 INFO  manager.WDListener - sendKeys ---> inputtext
16:44:05.854 INFO  manager.WDListener - sendKeys ---> inputtext
16:44:05.874 INFO  manager.WDListener - After find element --> By.cssSelector: [placeholder='description']
16:44:05.893 INFO  manager.WDListener - Location of element (300, 535)
16:44:05.919 INFO  manager.WDListener - Before click element inputtext
16:44:06.029 INFO  manager.WDListener - After click element 
16:44:06.192 INFO  manager.WDListener - sendKeys ---> inputtext
16:44:06.260 INFO  manager.WDListener - sendKeys ---> inputtext
16:44:06.342 INFO  manager.WDListener - sendKeys ---> inputtext
16:44:06.705 INFO  manager.WDListener - After find element --> By.xpath: //*[text()='Save']
16:44:06.723 INFO  manager.WDListener - Location of element (951, 622)
16:44:06.745 INFO  manager.WDListener - Before click element btextSave
16:44:06.831 INFO  manager.WDListener - After click element 
16:44:06.831 INFO  manager.WDListener - Before find element --> By.cssSelector: h2
16:44:07.306 INFO  manager.WDListener - Before find element --> By.cssSelector: h3
16:44:07.377 INFO  tests.TestBase - End
16:44:07.377 INFO  tests.TestNGListener - start test --->addNewContactSuccessAll
16:44:07.378 INFO  tests.TestBase - =====================================================================================
16:44:07.379 INFO  tests.TestBase - Name of method ---> addNewContactSuccessRequired
16:44:07.379 INFO  tests.TestNGListener - start test --->addNewContactSuccessRequired
16:44:07.380 INFO  tests.TestBase - Start
16:44:07.396 INFO  manager.WDListener - After find element --> By.xpath: //*[text() = 'ADD']
16:44:07.413 INFO  manager.WDListener - Location of element (1511, 34)
16:44:07.436 INFO  manager.WDListener - Before click element atextADD
16:44:07.534 INFO  manager.WDListener - After click element 
16:44:07.552 INFO  manager.WDListener - After find element --> By.cssSelector: [placeholder='Name']
16:44:07.569 INFO  manager.WDListener - Location of element (300, 165)
16:44:07.592 INFO  manager.WDListener - Before click element inputtext
16:44:07.686 INFO  manager.WDListener - After click element 
16:44:07.796 INFO  manager.WDListener - sendKeys ---> inputtext
16:44:07.857 INFO  manager.WDListener - sendKeys ---> inputtext
16:44:07.932 INFO  manager.WDListener - sendKeys ---> inputtext
16:44:07.949 INFO  manager.WDListener - After find element --> By.cssSelector: [placeholder='Last Name']
16:44:07.965 INFO  manager.WDListener - Location of element (300, 239)
16:44:07.985 INFO  manager.WDListener - Before click element inputtext
16:44:08.072 INFO  manager.WDListener - After click element 
16:44:08.172 INFO  manager.WDListener - sendKeys ---> inputtext
16:44:08.231 INFO  manager.WDListener - sendKeys ---> inputtext
16:44:08.294 INFO  manager.WDListener - sendKeys ---> inputtext
16:44:08.309 INFO  manager.WDListener - After find element --> By.cssSelector: [placeholder='Phone']
16:44:08.324 INFO  manager.WDListener - Location of element (300, 313)
16:44:08.344 INFO  manager.WDListener - Before click element inputtext
16:44:08.429 INFO  manager.WDListener - After click element 
16:44:08.529 INFO  manager.WDListener - sendKeys ---> inputtext
16:44:08.588 INFO  manager.WDListener - sendKeys ---> inputtext
16:44:08.665 INFO  manager.WDListener - sendKeys ---> inputtext
16:44:08.681 INFO  manager.WDListener - After find element --> By.cssSelector: [placeholder='email']
16:44:08.697 INFO  manager.WDListener - Location of element (300, 387)
16:44:08.716 INFO  manager.WDListener - Before click element inputtext
16:44:08.798 INFO  manager.WDListener - After click element 
16:44:08.896 INFO  manager.WDListener - sendKeys ---> inputtext
16:44:08.954 INFO  manager.WDListener - sendKeys ---> inputtext
16:44:09.057 INFO  manager.WDListener - sendKeys ---> inputtext
16:44:09.076 INFO  manager.WDListener - After find element --> By.cssSelector: [placeholder='Address']
16:44:09.097 INFO  manager.WDListener - Location of element (300, 461)
16:44:09.122 INFO  manager.WDListener - Before click element inputtext
16:44:09.241 INFO  manager.WDListener - After click element 
16:44:09.362 INFO  manager.WDListener - sendKeys ---> inputtext
16:44:09.429 INFO  manager.WDListener - sendKeys ---> inputtext
16:44:09.541 INFO  manager.WDListener - sendKeys ---> inputtext
16:44:09.558 INFO  manager.WDListener - After find element --> By.cssSelector: [placeholder='description']
16:44:09.575 INFO  manager.WDListener - Location of element (300, 535)
16:44:09.598 INFO  manager.WDListener - Before click element inputtext
16:44:09.696 INFO  manager.WDListener - After click element 
16:44:09.812 INFO  manager.WDListener - sendKeys ---> inputtext
16:44:09.897 INFO  manager.WDListener - sendKeys ---> inputtext
16:44:10.269 INFO  manager.WDListener - After find element --> By.xpath: //*[text()='Save']
16:44:10.293 INFO  manager.WDListener - Location of element (951, 622)
16:44:10.319 INFO  manager.WDListener - Before click element btextSave
16:44:10.434 INFO  manager.WDListener - After click element 
16:44:10.435 INFO  manager.WDListener - Before find element --> By.cssSelector: h2
16:44:10.932 INFO  manager.WDListener - Before find element --> By.cssSelector: h3
16:44:11.021 INFO  tests.TestBase - End
16:44:11.021 INFO  tests.TestNGListener - start test --->addNewContactSuccessRequired
16:44:11.021 INFO  tests.TestBase - =====================================================================================
16:44:11.021 INFO  tests.TestNGListener - finish testing on date --->Tue May 27 16:44:11 IDT 2025
