16:44:58.609 INFO  manager.ApplicationManager - All tests runs in Chrome Browser
16:44:59.149 INFO  manager.WDListener - URLhttps://telranedu.web.app
16:44:59.888 INFO  manager.ApplicationManager - The link --> https://telranedu.web.app/home
16:44:59.901 INFO  tests.TestNGListener - start testing on date --->Tue May 27 16:44:59 IDT 2025
16:44:59.931 INFO  tests.TestBase - Name of method ---> loginSuccess
16:44:59.933 INFO  manager.WDListener - Before find element --> By.xpath: //button[text()='Sign Out']
16:45:05.011 INFO  tests.TestNGListener - start test --->loginSuccess
16:45:05.011 INFO  tests.TestBase - Start test with name 'loginSuccess'
16:45:05.062 INFO  manager.WDListener - After find element --> By.xpath: //a[text()='LOGIN']
16:45:05.092 INFO  manager.WDListener - Location of element (1810, 34)
16:45:05.131 INFO  manager.WDListener - Before click element atextLOGIN
16:45:05.251 INFO  manager.WDListener - After click element 
16:45:05.292 INFO  manager.WDListener - After find element --> By.name: email
16:45:05.309 INFO  manager.WDListener - Location of element (760, 250)
16:45:05.333 INFO  manager.WDListener - Before click element inputtext
16:45:05.441 INFO  manager.WDListener - After click element 
16:45:05.584 INFO  manager.WDListener - sendKeys ---> inputtext
16:45:05.651 INFO  manager.WDListener - sendKeys ---> inputtext
16:45:05.740 INFO  manager.WDListener - sendKeys ---> inputtext
16:45:05.778 INFO  manager.WDListener - After find element --> By.xpath: //input[last()]
16:45:05.794 INFO  manager.WDListener - Location of element (760, 320)
16:45:05.817 INFO  manager.WDListener - Before click element inputtext
16:45:05.920 INFO  manager.WDListener - After click element 
16:45:06.035 INFO  manager.WDListener - sendKeys ---> inputtext
16:45:06.100 INFO  manager.WDListener - sendKeys ---> inputtext
16:45:06.193 INFO  manager.WDListener - sendKeys ---> inputtext
16:45:06.193 INFO  tests.TestBase - Test data -->   email: 'test12@gmail.com' passwors: 'vilevinQa!1234'
16:45:06.227 INFO  manager.WDListener - After find element --> By.xpath: //button[text()='Login']
16:45:06.245 INFO  manager.WDListener - Location of element (760, 390)
16:45:06.268 INFO  manager.WDListener - Before click element buttontextLogin
16:45:06.369 INFO  manager.WDListener - After click element 
16:45:06.370 INFO  manager.WDListener - Before find element --> By.xpath: //button[text()='Sign Out']
16:45:07.347 INFO  tests.TestBase - Assert check is element 'sigh out' present
16:45:07.347 INFO  tests.TestNGListener - start test --->loginSuccess
16:45:07.347 INFO  tests.TestBase - =====================================================================================
16:45:07.347 INFO  tests.TestBase - Name of method ---> loginSuccessModel
16:45:07.347 INFO  manager.WDListener - Before find element --> By.xpath: //button[text()='Sign Out']
16:45:07.413 INFO  manager.WDListener - After find element --> By.xpath: //button[text()='Sign Out']
16:45:07.428 INFO  manager.WDListener - Location of element (1797, 39)
16:45:07.444 INFO  manager.WDListener - Before click element buttontextSign Out
16:45:07.567 INFO  manager.WDListener - After click element 
16:45:07.568 INFO  tests.TestBase - Before method finish logout
16:45:07.568 INFO  tests.TestNGListener - start test --->loginSuccessModel
16:45:07.593 INFO  manager.WDListener - After find element --> By.xpath: //a[text()='LOGIN']
16:45:07.610 INFO  manager.WDListener - Location of element (1808, 33)
16:45:07.629 INFO  manager.WDListener - Before click element atextLOGIN
16:45:07.736 INFO  manager.WDListener - After click element 
16:45:07.767 INFO  manager.WDListener - After find element --> By.name: email
16:45:07.785 INFO  manager.WDListener - Location of element (760, 250)
16:45:07.810 INFO  manager.WDListener - Before click element inputtext
16:45:07.913 INFO  manager.WDListener - After click element 
16:45:08.035 INFO  manager.WDListener - sendKeys ---> inputtext
16:45:08.100 INFO  manager.WDListener - sendKeys ---> inputtext
16:45:08.206 INFO  manager.WDListener - sendKeys ---> inputtext
16:45:08.230 INFO  manager.WDListener - After find element --> By.xpath: //input[last()]
16:45:08.246 INFO  manager.WDListener - Location of element (760, 320)
16:45:08.270 INFO  manager.WDListener - Before click element inputtext
16:45:08.370 INFO  manager.WDListener - After click element 
16:45:08.487 INFO  manager.WDListener - sendKeys ---> inputtext
16:45:08.554 INFO  manager.WDListener - sendKeys ---> inputtext
16:45:08.678 INFO  manager.WDListener - sendKeys ---> inputtext
16:45:08.678 INFO  tests.TestBase - Test data -->   email: 'test12@gmail.com' passwors: 'vilevinQa!1234'
16:45:08.697 INFO  manager.WDListener - After find element --> By.xpath: //button[text()='Login']
16:45:08.712 INFO  manager.WDListener - Location of element (760, 390)
16:45:08.744 INFO  manager.WDListener - Before click element buttontextLogin
16:45:08.834 INFO  manager.WDListener - After click element 
16:45:08.834 INFO  manager.WDListener - Before find element --> By.xpath: //button[text()='Sign Out']
16:45:09.184 INFO  tests.TestBase - Assert check is element 'sigh out' present
16:45:09.184 INFO  tests.TestNGListener - start test --->loginSuccessModel
16:45:09.185 INFO  tests.TestBase - =====================================================================================
16:45:09.186 INFO  tests.TestBase - Name of method ---> loginWrongEmail
16:45:09.186 INFO  manager.WDListener - Before find element --> By.xpath: //button[text()='Sign Out']
16:45:09.226 INFO  manager.WDListener - After find element --> By.xpath: //button[text()='Sign Out']
16:45:09.242 INFO  manager.WDListener - Location of element (1797, 39)
16:45:09.264 INFO  manager.WDListener - Before click element buttontextSign Out
16:45:09.358 INFO  manager.WDListener - After click element 
16:45:09.358 INFO  tests.TestBase - Before method finish logout
16:45:09.358 INFO  tests.TestNGListener - start test --->loginWrongEmail
16:45:09.380 INFO  manager.WDListener - After find element --> By.xpath: //a[text()='LOGIN']
16:45:09.396 INFO  manager.WDListener - Location of element (1808, 33)
16:45:09.419 INFO  manager.WDListener - Before click element atextLOGIN
16:45:09.507 INFO  manager.WDListener - After click element 
16:45:09.526 INFO  manager.WDListener - After find element --> By.name: email
16:45:09.542 INFO  manager.WDListener - Location of element (760, 250)
16:45:09.566 INFO  manager.WDListener - Before click element inputtext
16:45:09.666 INFO  manager.WDListener - After click element 
16:45:09.791 INFO  manager.WDListener - sendKeys ---> inputtext
16:45:09.863 INFO  manager.WDListener - sendKeys ---> inputtext
16:45:09.998 INFO  manager.WDListener - sendKeys ---> inputtext
16:45:10.019 INFO  manager.WDListener - After find element --> By.xpath: //input[last()]
16:45:10.037 INFO  manager.WDListener - Location of element (760, 320)
16:45:10.061 INFO  manager.WDListener - Before click element inputtext
16:45:10.176 INFO  manager.WDListener - After click element 
16:45:10.312 INFO  manager.WDListener - sendKeys ---> inputtext
16:45:10.382 INFO  manager.WDListener - sendKeys ---> inputtext
16:45:10.485 INFO  manager.WDListener - sendKeys ---> inputtext
16:45:10.486 INFO  tests.TestBase - Test data -->   email: 'test12gmail.com' passwors: 'vilevinQa!1234'
16:45:10.507 INFO  manager.WDListener - After find element --> By.xpath: //button[text()='Login']
16:45:10.524 INFO  manager.WDListener - Location of element (760, 390)
16:45:10.547 INFO  manager.WDListener - Before click element buttontextLogin
16:45:10.630 INFO  manager.WDListener - After click element 
16:45:10.653 INFO  manager.WDListener - Huston, we have a problem!
16:45:10.654 INFO  manager.WDListener - *************************************
16:45:10.654 INFO  manager.WDListener - Object tagetorg.openqa.selenium.remote.RemoteWebDriver$RemoteTargetLocator@7da39774
16:45:10.654 INFO  manager.WDListener - *************************************
16:45:10.654 INFO  manager.WDListener - Method name --->alert
16:45:10.654 INFO  manager.WDListener - *************************************
16:45:10.656 INFO  manager.WDListener - InvocationTargetExeptionorg.openqa.selenium.NoAlertPresentException: no such alert
  (Session info: chrome=137.0.7151.41)
Build info: version: '4.16.1', revision: '9b4c83354e'
System info: os.name: 'Windows 11', os.arch: 'amd64', os.version: '10.0', java.version: '17.0.10'
Driver info: org.openqa.selenium.chrome.ChromeDriver
Command: [454c8687d074a0c8e34d6a9194a28dc5, getAlertText {}]
Capabilities {acceptInsecureCerts: false, browserName: chrome, browserVersion: 137.0.7151.41, chrome: {chromedriverVersion: 136.0.7103.113 (76fa3c17824..., userDataDir: C:\Users\user\AppData\Local...}, fedcm:accounts: true, goog:chromeOptions: {debuggerAddress: localhost:56606}, networkConnectionEnabled: false, pageLoadStrategy: normal, platformName: windows, proxy: Proxy(), se:cdp: ws://localhost:56606/devtoo..., se:cdpVersion: 137.0.7151.41, setWindowRect: true, strictFileInteractability: false, timeouts: {implicit: 0, pageLoad: 300000, script: 30000}, unhandledPromptBehavior: dismiss and notify, webauthn:extension:credBlob: true, webauthn:extension:largeBlob: true, webauthn:extension:minPinLength: true, webauthn:extension:prf: true, webauthn:virtualAuthenticators: true}
Session ID: 454c8687d074a0c8e34d6a9194a28dc5
16:45:10.656 INFO  manager.WDListener - *************************************
16:45:11.180 INFO  tests.TestBase - Assert check is alert present with text 'Wrong email or password'
16:45:11.180 INFO  tests.TestNGListener - start test --->loginWrongEmail
16:45:11.181 INFO  tests.TestBase - =====================================================================================
16:45:11.182 INFO  tests.TestBase - Name of method ---> loginWrongPassword
16:45:11.182 INFO  manager.WDListener - Before find element --> By.xpath: //button[text()='Sign Out']
16:45:16.208 INFO  tests.TestNGListener - start test --->loginWrongPassword
16:45:16.229 INFO  manager.WDListener - After find element --> By.xpath: //a[text()='LOGIN']
16:45:16.249 INFO  manager.WDListener - Location of element (1808, 33)
16:45:16.272 INFO  manager.WDListener - Before click element atextLOGIN
16:45:16.365 INFO  manager.WDListener - After click element 
16:45:16.386 INFO  manager.WDListener - After find element --> By.name: email
16:45:16.406 INFO  manager.WDListener - Location of element (760, 281)
16:45:16.428 INFO  manager.WDListener - Before click element inputtext
16:45:16.525 INFO  manager.WDListener - After click element 
16:45:16.681 INFO  manager.WDListener - sendKeys ---> inputtext
16:45:16.744 INFO  manager.WDListener - sendKeys ---> inputtext
16:45:16.851 INFO  manager.WDListener - sendKeys ---> inputtext
16:45:16.868 INFO  manager.WDListener - After find element --> By.xpath: //input[last()]
16:45:16.883 INFO  manager.WDListener - Location of element (760, 351)
16:45:16.904 INFO  manager.WDListener - Before click element inputtext
16:45:17.005 INFO  manager.WDListener - After click element 
16:45:17.154 INFO  manager.WDListener - sendKeys ---> inputtext
16:45:17.219 INFO  manager.WDListener - sendKeys ---> inputtext
16:45:17.318 INFO  manager.WDListener - sendKeys ---> inputtext
16:45:17.318 INFO  tests.TestBase - Test data -->   email: 'test12@gmail.com' passwors: 'vilevinQa1234'
16:45:17.336 INFO  manager.WDListener - After find element --> By.xpath: //button[text()='Login']
16:45:17.347 INFO  manager.WDListener - Location of element (760, 421)
16:45:17.363 INFO  manager.WDListener - Before click element buttontextLogin
16:45:17.451 INFO  manager.WDListener - After click element 
16:45:17.464 INFO  manager.WDListener - Huston, we have a problem!
16:45:17.464 INFO  manager.WDListener - *************************************
16:45:17.464 INFO  manager.WDListener - Object tagetorg.openqa.selenium.remote.RemoteWebDriver$RemoteTargetLocator@3ebe4ccc
16:45:17.464 INFO  manager.WDListener - *************************************
16:45:17.464 INFO  manager.WDListener - Method name --->alert
16:45:17.464 INFO  manager.WDListener - *************************************
16:45:17.464 INFO  manager.WDListener - InvocationTargetExeptionorg.openqa.selenium.NoAlertPresentException: no such alert
  (Session info: chrome=137.0.7151.41)
Build info: version: '4.16.1', revision: '9b4c83354e'
System info: os.name: 'Windows 11', os.arch: 'amd64', os.version: '10.0', java.version: '17.0.10'
Driver info: org.openqa.selenium.chrome.ChromeDriver
Command: [454c8687d074a0c8e34d6a9194a28dc5, getAlertText {}]
Capabilities {acceptInsecureCerts: false, browserName: chrome, browserVersion: 137.0.7151.41, chrome: {chromedriverVersion: 136.0.7103.113 (76fa3c17824..., userDataDir: C:\Users\user\AppData\Local...}, fedcm:accounts: true, goog:chromeOptions: {debuggerAddress: localhost:56606}, networkConnectionEnabled: false, pageLoadStrategy: normal, platformName: windows, proxy: Proxy(), se:cdp: ws://localhost:56606/devtoo..., se:cdpVersion: 137.0.7151.41, setWindowRect: true, strictFileInteractability: false, timeouts: {implicit: 0, pageLoad: 300000, script: 30000}, unhandledPromptBehavior: dismiss and notify, webauthn:extension:credBlob: true, webauthn:extension:largeBlob: true, webauthn:extension:minPinLength: true, webauthn:extension:prf: true, webauthn:virtualAuthenticators: true}
Session ID: 454c8687d074a0c8e34d6a9194a28dc5
16:45:17.464 INFO  manager.WDListener - *************************************
16:45:17.996 INFO  tests.TestBase - Assert check is alert present with text 'Wrong email or password'
16:45:17.997 INFO  tests.TestNGListener - start test --->loginWrongPassword
16:45:17.998 INFO  tests.TestBase - =====================================================================================
16:45:17.999 INFO  tests.TestBase - Name of method ---> loginWrongUnregisteredUser
16:45:17.999 INFO  manager.WDListener - Before find element --> By.xpath: //button[text()='Sign Out']
16:45:23.005 INFO  tests.TestNGListener - start test --->loginWrongUnregisteredUser
16:45:23.036 INFO  manager.WDListener - After find element --> By.xpath: //a[text()='LOGIN']
16:45:23.051 INFO  manager.WDListener - Location of element (1808, 33)
16:45:23.069 INFO  manager.WDListener - Before click element atextLOGIN
16:45:23.157 INFO  manager.WDListener - After click element 
16:45:23.179 INFO  manager.WDListener - After find element --> By.name: email
16:45:23.195 INFO  manager.WDListener - Location of element (760, 281)
16:45:23.212 INFO  manager.WDListener - Before click element inputtext
16:45:23.311 INFO  manager.WDListener - After click element 
16:45:23.463 INFO  manager.WDListener - sendKeys ---> inputtext
16:45:23.542 INFO  manager.WDListener - sendKeys ---> inputtext
16:45:23.635 INFO  manager.WDListener - sendKeys ---> inputtext
16:45:23.654 INFO  manager.WDListener - After find element --> By.xpath: //input[last()]
16:45:23.663 INFO  manager.WDListener - Location of element (760, 351)
16:45:23.695 INFO  manager.WDListener - Before click element inputtext
16:45:23.788 INFO  manager.WDListener - After click element 
16:45:23.929 INFO  manager.WDListener - sendKeys ---> inputtext
16:45:23.991 INFO  manager.WDListener - sendKeys ---> inputtext
16:45:24.063 INFO  manager.WDListener - sendKeys ---> inputtext
16:45:24.063 INFO  tests.TestBase - Test data -->   email: 'boris@gmail.com' passwors: 'Bbor223456$'
16:45:24.091 INFO  manager.WDListener - After find element --> By.xpath: //button[text()='Login']
16:45:24.108 INFO  manager.WDListener - Location of element (760, 421)
16:45:24.129 INFO  manager.WDListener - Before click element buttontextLogin
16:45:24.211 INFO  manager.WDListener - After click element 
16:45:24.221 INFO  manager.WDListener - Huston, we have a problem!
16:45:24.221 INFO  manager.WDListener - *************************************
16:45:24.221 INFO  manager.WDListener - Object tagetorg.openqa.selenium.remote.RemoteWebDriver$RemoteTargetLocator@7c0777b5
16:45:24.221 INFO  manager.WDListener - *************************************
16:45:24.222 INFO  manager.WDListener - Method name --->alert
16:45:24.222 INFO  manager.WDListener - *************************************
16:45:24.222 INFO  manager.WDListener - InvocationTargetExeptionorg.openqa.selenium.NoAlertPresentException: no such alert
  (Session info: chrome=137.0.7151.41)
Build info: version: '4.16.1', revision: '9b4c83354e'
System info: os.name: 'Windows 11', os.arch: 'amd64', os.version: '10.0', java.version: '17.0.10'
Driver info: org.openqa.selenium.chrome.ChromeDriver
Command: [454c8687d074a0c8e34d6a9194a28dc5, getAlertText {}]
Capabilities {acceptInsecureCerts: false, browserName: chrome, browserVersion: 137.0.7151.41, chrome: {chromedriverVersion: 136.0.7103.113 (76fa3c17824..., userDataDir: C:\Users\user\AppData\Local...}, fedcm:accounts: true, goog:chromeOptions: {debuggerAddress: localhost:56606}, networkConnectionEnabled: false, pageLoadStrategy: normal, platformName: windows, proxy: Proxy(), se:cdp: ws://localhost:56606/devtoo..., se:cdpVersion: 137.0.7151.41, setWindowRect: true, strictFileInteractability: false, timeouts: {implicit: 0, pageLoad: 300000, script: 30000}, unhandledPromptBehavior: dismiss and notify, webauthn:extension:credBlob: true, webauthn:extension:largeBlob: true, webauthn:extension:minPinLength: true, webauthn:extension:prf: true, webauthn:virtualAuthenticators: true}
Session ID: 454c8687d074a0c8e34d6a9194a28dc5
16:45:24.222 INFO  manager.WDListener - *************************************
16:45:24.745 INFO  tests.TestBase - Assert check is alert present with text 'Wrong email or password'
16:45:24.746 INFO  tests.TestNGListener - start test --->loginWrongUnregisteredUser
16:45:24.747 INFO  tests.TestBase - =====================================================================================
16:45:24.748 INFO  tests.TestNGListener - finish testing on date --->Tue May 27 16:45:24 IDT 2025
